Ippl> CommMPI: Parent process waiting for children ...
Ippl> CommMPI: Initialization complete.
>                ____  _____       ___ 
>               / __ \|  __ \ /\   | | 
>              | |  | | |__) /  \  | |
>              | |  | |  ___/ /\ \ | |
>              | |__| | |  / ____ \| |____
>               \____/|_| /_/    \_\______|
OPAL> 
OPAL> This is OPAL (Object Oriented Parallel Accelerator Library) Version 2.0.1
OPAL> 
OPAL>                 (c) PSI, http://amas.web.psi.ch
OPAL> The optimiser (former opt-Pilot) is integrated 
OPAL> 
OPAL> Please send cookies, goodies or other motivations (wine and beer ... ) 
OPAL> to the OPAL developers opal@lists.psi.ch
OPAL> 
OPAL> Time: 22:02:53 date: 31/01/2020
OPAL> 
OPAL> Couldn't find startup file "/home/vagrant/init.opal".
OPAL> Note: this is not mandatory for an OPAL simulation!
OPAL> 
OPAL> * Reading input stream "cyclotron2.in".
Ippl> no solver attached
OPAL> * Mass of simulation particle= 0.938272 GeV/c^2
OPAL> * Charge of simulation particle= 1.60218e-19 [C]
OPAL> * ********************************************************************************** 
OPAL> * Selected Tracking Method == CYCLOTRON-T, NEW TRACK
OPAL> * ********************************************************************************** 
OPAL> * Number of neighbour bunches= 1
OPAL> * DT                         = 1e-12
OPAL> * MAXSTEPS                   = 300
OPAL> * Phase space dump frequency = 10
OPAL> * Statistics dump frequency  = 10 w.r.t. the time step.
OPAL> * ********************************************************************************** 
OPAL> 
OPAL> * ************* D I S T R I B U T I O N ********************************************
OPAL> * 
OPAL> * Number of particles: 1
OPAL> * 
OPAL> * Distribution type: FROMFILE
OPAL> * 
OPAL> * Input file:        dist2.dat
OPAL> * 
OPAL> * Distribution is injected.
OPAL> * 
OPAL> * **********************************************************************************
OPAL> 
OPAL> * ************* B E A M ************************************************************ 
OPAL> * BEAM        BEAM1
OPAL> * PARTICLE    PROTON
OPAL> * CURRENT     1e-06 A
OPAL> * FREQUENCY   12.55 MHz
OPAL> * CHARGE      +e * 1 
OPAL> * REST MASS   0.938272 GeV
OPAL> * MOMENTUM    0.276879
OPAL> * NPART       1
OPAL> * ********************************************************************************** 
OPAL> 
OPAL> * ************* F I E L D S O L V E R ********************************************** 
OPAL> * FIELDSOLVER  FS1
OPAL> * TYPE         NONE
OPAL> * N-PROCESSORS 1
OPAL> * MX           64
OPAL> * MY           64
OPAL> * MT           64
OPAL> * BBOXINCR     2
OPAL> * XDIM         parallel  
OPAL> * YDIM         parallel  
OPAL> * Z(T)DIM      serial  
OPAL> * ********************************************************************************** 
OPAL> 
OPAL> * -------------------------- Adding Cyclotron ---------------------------- *
OPAL> 
OPAL> * Bunch global starting position:
OPAL> * RINIT = 1e-10 [mm]
OPAL> * PHIINIT = 0 [deg]
OPAL> * ZINIT = 0 [mm]
OPAL> 
OPAL> * Bunch global starting momenta:
OPAL> * Initial gamma = 1.04263
OPAL> * Initial beta = 0.283028
OPAL> * Reference total momentum (beta * gamma) = 295.094 [MCU]
OPAL> * Reference azimuthal momentum (Pt) = 295.094 [MCU]
OPAL> * Reference radial momentum (Pr) = 0 [MCU]
OPAL> * Reference axial momentum (Pz) = 0 [MCU]
OPAL> 
OPAL> * 1-fold field symmetry 
OPAL> * Field map file name = bfieldLena.dat 
OPAL> * Type of cyclotron = CARBONCYCL 
OPAL> * Radial aperture = 0 ... 10 [m] 
OPAL> * Vertical aperture = -10 ... 10 [m]
OPAL> * Number of trimcoils = 0
OPAL> * Harmonic number h = 1 
OPAL> * ----------------------------------------------
OPAL> *      READ IN CARBON CYCLOTRON FIELD MAP       
OPAL> * ----------------------------------------------
OPAL> * Minimal radius of measured field map: 0 [mm]
OPAL> * Stepsize in radial direction: 97 [mm]
OPAL> * Minimal angle of measured field map: 0 [deg]
OPAL> * Stepsize in azimuthal direction: 2 [deg]
OPAL> * Grid points along azimuth (ntet): 180
OPAL> * Grid points along radius (nrad): 59
OPAL> * Adding a guard cell along azimuth
OPAL> * Total stored grid point number ((ntet+1) * nrad) : 10679
OPAL> * rescaling of the fields with factor: 1
OPAL> * Field Maps read successfully!
OPAL> 
OPAL> * -------------------------------------
OPAL> * The selected Beam line elements are :
OPAL> * -> Cyclotron
OPAL> * -------------------------------------
OPAL> * 4th order Runge-Kutta integrator
OPAL> * Before repartition:  min local particle number 1 max local particle number: 1
OPAL> * After repartition:   min local particle number 1 max local particle number: 1
OPAL> 
OPAL> * *********************** Bunch information in local frame: ************************
OPAL> * ************** B U N C H ********************************************************* 
OPAL> * NP              = 1
OPAL> * Qtot            =        0.000 [fC]         Qi    =        0.000 [fC]
OPAL> * Ekin            =      40.000 [MeV]         dEkin =        -nan [MeV]
OPAL> * rmax            = (      0.00000 ,      0.00000 ,      0.00000 ) [um]
OPAL> * rmin            = (      0.00000 ,      0.00000 ,      0.00000 ) [um]
OPAL> * rms beam size   = (         -nan ,         -nan ,         -nan ) [m]
OPAL> * rms momenta     = (         -nan ,         -nan ,         -nan ) [beta gamma]
OPAL> * mean position   = (         -nan ,         -nan ,         -nan ) [m]
OPAL> * mean momenta    = (         -nan ,         -nan ,         -nan ) [beta gamma]
OPAL> * rms emittance   = (         -nan ,         -nan ,         -nan ) (not normalized)
OPAL> * rms correlation = (         -nan ,         -nan ,         -nan )
OPAL> * hr              = (      0.00000 ,      0.00000 ,      0.00000 ) [um]
OPAL> * dh              =   1.00000e-10 [%]
OPAL> * t               =        0.000 [fs]         dT    =      265.604 [ps]
OPAL> * spos            =        0.000 [um]
OPAL> * ********************************************************************************** 
OPAL> 
OPAL> 
OPAL> * Integration step 0 (no phase space dump for <= 2 particles)
OPAL> * T = 0 ns, Live Particles: 1
OPAL> * E = 40 MeV, beta * gamma = 0.29509
OPAL> * Bunch position: R =  2000 mm, Theta = 0 Deg, Z = 0 mm
OPAL> * Local Azimuth = 0 Deg, Local Elevation = 0 Deg
OPAL> 
OPAL> * *********************** Bunch information in global frame: ***********************
OPAL> * ************** B U N C H ********************************************************* 
OPAL> * NP              = 1
OPAL> * Qtot            =        0.000 [fC]         Qi    =        0.000 [fC]
OPAL> * Ekin            =      40.000 [MeV]         dEkin =        -nan [MeV]
OPAL> * rmax            = (      2.00000 ,      0.00000 ,      0.00000 ) [mm]
OPAL> * rmin            = (      2.00000 ,      0.00000 ,      0.00000 ) [mm]
OPAL> * rms beam size   = (         -nan ,         -nan ,         -nan ) [m]
OPAL> * rms momenta     = (         -nan ,         -nan ,         -nan ) [beta gamma]
OPAL> * mean position   = (         -nan ,         -nan ,         -nan ) [m]
OPAL> * mean momenta    = (         -nan ,         -nan ,         -nan ) [beta gamma]
OPAL> * rms emittance   = (         -nan ,         -nan ,         -nan ) (not normalized)
OPAL> * rms correlation = (         -nan ,         -nan ,         -nan )
OPAL> * hr              = (      0.00000 ,      0.00000 ,      0.00000 ) [um]
OPAL> * dh              =   1.00000e-10 [%]
OPAL> * t               =        0.000 [fs]         dT    =      265.604 [ps]
OPAL> * spos            =        0.000 [um]
OPAL> * ********************************************************************************** 
OPAL> 
OPAL> * Beginning of this run is at t = 0 [ns]
OPAL> * The time step is set to dt = 0.2656 [ns]
OPAL> * Single particle trajectory dump frequency is set to 1
OPAL> * The frequency to solve space charge fields is set to 1
OPAL> * The repartition frequency is set to 10
OPAL> 
OPAL> * ------------------------------ SINGLE PARTICLE MODE --------------------------------- *
OPAL> * Instruction: When the total particle number is equal to 1, single particle mode is    *
OPAL> * triggered automatically. The initial distribution file must be specified which should *
OPAL> * contain only one line for the single particle                                         *
OPAL> * ---------NOTE: SINGLE PARTICLE MODE ONLY WORKS SERIALLY ON A SINGLE NODE ------------ *
OPAL> 
OPAL> * --------------------------------- Start tracking ------------------------------------ *
OPAL> 
OPAL> * Integration step 10 (no phase space dump for <= 2 particles)
OPAL> * T = 2.656 ns, Live Particles: 1
OPAL> * E = 40 MeV, beta * gamma = 0.29509
OPAL> * Bunch position: R =  1985.9 mm, Theta = 6.455 Deg, Z = 0 mm
OPAL> * Local Azimuth = 13.443 Deg, Local Elevation = 0 Deg
OPAL> 
OPAL> * Integration step 20 (no phase space dump for <= 2 particles)
OPAL> * T = 5.3121 ns, Live Particles: 1
OPAL> * E = 40 MeV, beta * gamma = 0.29509
OPAL> * Bunch position: R =  1946.5 mm, Theta = 12.912 Deg, Z = 0 mm
OPAL> * Local Azimuth = 25.936 Deg, Local Elevation = 0 Deg
OPAL> 
OPAL> * Integration step 30 (no phase space dump for <= 2 particles)
OPAL> * T = 7.9681 ns, Live Particles: 1
OPAL> * E = 40 MeV, beta * gamma = 0.29509
OPAL> * Bunch position: R =  1885.1 mm, Theta = 19.388 Deg, Z = 0 mm
OPAL> * Local Azimuth = 37.933 Deg, Local Elevation = 0 Deg
OPAL> 
OPAL> * Integration step 40 (no phase space dump for <= 2 particles)
OPAL> * T = 10.624 ns, Live Particles: 1
OPAL> * E = 40 MeV, beta * gamma = 0.29509
OPAL> * Bunch position: R =  1803.6 mm, Theta = 25.906 Deg, Z = 0 mm
OPAL> * Local Azimuth = 49.826 Deg, Local Elevation = 0 Deg
OPAL> 
OPAL> * Integration step 50 (no phase space dump for <= 2 particles)
OPAL> * T = 13.28 ns, Live Particles: 1
OPAL> * E = 40 MeV, beta * gamma = 0.29509
OPAL> * Bunch position: R =  1702.3 mm, Theta = 32.478 Deg, Z = 0 mm
OPAL> * Local Azimuth = 62.05 Deg, Local Elevation = 0 Deg
OPAL> 
OPAL> * Integration step 60 (no phase space dump for <= 2 particles)
OPAL> * T = 15.936 ns, Live Particles: 1
OPAL> * E = 40 MeV, beta * gamma = 0.29509
OPAL> * Bunch position: R =  1581 mm, Theta = 39.097 Deg, Z = 0 mm
OPAL> * Local Azimuth = 74.829 Deg, Local Elevation = 0 Deg
OPAL> 
OPAL> * Integration step 70 (no phase space dump for <= 2 particles)
OPAL> * T = 18.592 ns, Live Particles: 1
OPAL> * E = 40 MeV, beta * gamma = 0.29509
OPAL> * Bunch position: R =  1437.7 mm, Theta = 45.68 Deg, Z = 0 mm
OPAL> * Local Azimuth = 89.478 Deg, Local Elevation = 0 Deg
OPAL> 
OPAL> * Integration step 80 (no phase space dump for <= 2 particles)
OPAL> * T = 21.248 ns, Live Particles: 1
OPAL> * E = 40 MeV, beta * gamma = 0.29509
OPAL> * Bunch position: R =  1266.9 mm, Theta = 51.863 Deg, Z = 0 mm
OPAL> * Local Azimuth = 107.67 Deg, Local Elevation = 0 Deg
OPAL> 
OPAL> * Integration step 90 (no phase space dump for <= 2 particles)
OPAL> * T = 23.904 ns, Live Particles: 1
OPAL> * E = 40 MeV, beta * gamma = 0.29509
OPAL> * Bunch position: R =  1065.6 mm, Theta = 56.711 Deg, Z = 0 mm
OPAL> * Local Azimuth = 128.94 Deg, Local Elevation = 0 Deg
OPAL> 
OPAL> * Integration step 100 (no phase space dump for <= 2 particles)
OPAL> * T = 26.56 ns, Live Particles: 1
OPAL> * E = 40 MeV, beta * gamma = 0.29509
OPAL> * Bunch position: R =  843.63 mm, Theta = 58.576 Deg, Z = 0 mm
OPAL> * Local Azimuth = 150.18 Deg, Local Elevation = 0 Deg
OPAL> 
OPAL> * Integration step 110 (no phase space dump for <= 2 particles)
OPAL> * T = 29.216 ns, Live Particles: 1
OPAL> * E = 40 MeV, beta * gamma = 0.29509
OPAL> * Bunch position: R =  625.53 mm, Theta = 54.458 Deg, Z = 0 mm
OPAL> * Local Azimuth = 169.84 Deg, Local Elevation = 0 Deg
OPAL> 
OPAL> * Integration step 120 (no phase space dump for <= 2 particles)
OPAL> * T = 31.873 ns, Live Particles: 1
OPAL> * E = 40 MeV, beta * gamma = 0.29509
OPAL> * Bunch position: R =  459.37 mm, Theta = 38.288 Deg, Z = 0 mm
OPAL> * Local Azimuth = 188.45 Deg, Local Elevation = 0 Deg
OPAL> 
OPAL> * Integration step 130 (no phase space dump for <= 2 particles)
OPAL> * T = 34.529 ns, Live Particles: 1
OPAL> * E = 40 MeV, beta * gamma = 0.29509
OPAL> * Bunch position: R =  433.14 mm, Theta = 9.3444 Deg, Z = 0 mm
OPAL> * Local Azimuth = 205.97 Deg, Local Elevation = 0 Deg
OPAL> 
OPAL> * Integration step 140 (no phase space dump for <= 2 particles)
OPAL> * T = 37.185 ns, Live Particles: 1
OPAL> * E = 40 MeV, beta * gamma = 0.29509
OPAL> * Bunch position: R =  565.82 mm, Theta = -11.748 Deg, Z = 0 mm
OPAL> * Local Azimuth = 222.39 Deg, Local Elevation = 0 Deg
OPAL> 
OPAL> * Integration step 150 (no phase space dump for <= 2 particles)
OPAL> * T = 39.841 ns, Live Particles: 1
OPAL> * E = 40 MeV, beta * gamma = 0.29509
OPAL> * Bunch position: R =  771.35 mm, Theta = -19.626 Deg, Z = 0 mm
OPAL> * Local Azimuth = 237.89 Deg, Local Elevation = 0 Deg
OPAL> 
OPAL> * Integration step 160 (no phase space dump for <= 2 particles)
OPAL> * T = 42.497 ns, Live Particles: 1
OPAL> * E = 40 MeV, beta * gamma = 0.29509
OPAL> * Bunch position: R =  995.43 mm, Theta = -20.729 Deg, Z = 0 mm
OPAL> * Local Azimuth = 253.04 Deg, Local Elevation = 0 Deg
OPAL> 
OPAL> * Integration step 170 (no phase space dump for <= 2 particles)
OPAL> * T = 45.153 ns, Live Particles: 1
OPAL> * E = 40 MeV, beta * gamma = 0.29509
OPAL> * Bunch position: R =  1216.6 mm, Theta = -18.656 Deg, Z = 0 mm
OPAL> * Local Azimuth = 268.07 Deg, Local Elevation = 0 Deg
OPAL> 
OPAL> * Integration step 180 (no phase space dump for <= 2 particles)
OPAL> * T = 47.809 ns, Live Particles: 1
OPAL> * E = 40 MeV, beta * gamma = 0.29509
OPAL> * Bunch position: R =  1424.5 mm, Theta = -14.946 Deg, Z = 0 mm
OPAL> * Local Azimuth = -76.952 Deg, Local Elevation = 0 Deg
OPAL> 
OPAL> * Integration step 190 (no phase space dump for <= 2 particles)
OPAL> * T = 50.465 ns, Live Particles: 1
OPAL> * E = 40 MeV, beta * gamma = 0.29509
OPAL> * Bunch position: R =  1612.9 mm, Theta = -10.31 Deg, Z = 0 mm
OPAL> * Local Azimuth = -62.057 Deg, Local Elevation = 0 Deg
OPAL> 
OPAL> * Integration step 200 (no phase space dump for <= 2 particles)
OPAL> * T = 53.121 ns, Live Particles: 1
OPAL> * E = 40 MeV, beta * gamma = 0.29509
OPAL> * Bunch position: R =  1777.3 mm, Theta = -5.125 Deg, Z = 0 mm
OPAL> * Local Azimuth = -47.372 Deg, Local Elevation = 0 Deg
OPAL> 
OPAL> * Integration step 210 (no phase space dump for <= 2 particles)
OPAL> * T = 55.777 ns, Live Particles: 1
OPAL> * E = 40 MeV, beta * gamma = 0.29509
OPAL> * Bunch position: R =  1915.3 mm, Theta = 0.38705 Deg, Z = 0 mm
OPAL> * Local Azimuth = -33.177 Deg, Local Elevation = 0 Deg
OPAL> 
OPAL> * Integration step 220 (no phase space dump for <= 2 particles)
OPAL> * T = 58.433 ns, Live Particles: 1
OPAL> * E = 40 MeV, beta * gamma = 0.29509
OPAL> * Bunch position: R =  2026.9 mm, Theta = 6.0666 Deg, Z = 0 mm
OPAL> * Local Azimuth = -19.858 Deg, Local Elevation = 0 Deg
OPAL> 
OPAL> * Integration step 230 (no phase space dump for <= 2 particles)
OPAL> * T = 61.089 ns, Live Particles: 1
OPAL> * E = 40 MeV, beta * gamma = 0.29509
OPAL> * Bunch position: R =  2112.5 mm, Theta = 11.827 Deg, Z = 0 mm
OPAL> * Local Azimuth = -7.0349 Deg, Local Elevation = 0 Deg
OPAL> 
OPAL> * Integration step 240 (no phase space dump for <= 2 particles)
OPAL> * T = 63.745 ns, Live Particles: 1
OPAL> * E = 40 MeV, beta * gamma = 0.29509
OPAL> * Bunch position: R =  2172.9 mm, Theta = 17.624 Deg, Z = 0 mm
OPAL> * Local Azimuth = 5.3021 Deg, Local Elevation = 0 Deg
OPAL> 
OPAL> * Integration step 250 (no phase space dump for <= 2 particles)
OPAL> * T = 66.401 ns, Live Particles: 1
OPAL> * E = 40 MeV, beta * gamma = 0.29509
OPAL> * Bunch position: R =  2209.1 mm, Theta = 23.433 Deg, Z = 0 mm
OPAL> * Local Azimuth = 17.205 Deg, Local Elevation = 0 Deg
OPAL> 
OPAL> * Integration step 260 (no phase space dump for <= 2 particles)
OPAL> * T = 69.057 ns, Live Particles: 1
OPAL> * E = 40 MeV, beta * gamma = 0.29509
OPAL> * Bunch position: R =  2222.2 mm, Theta = 29.243 Deg, Z = 0 mm
OPAL> * Local Azimuth = 28.729 Deg, Local Elevation = 0 Deg
OPAL> 
OPAL> * Integration step 270 (no phase space dump for <= 2 particles)
OPAL> * T = 71.713 ns, Live Particles: 1
OPAL> * E = 40 MeV, beta * gamma = 0.29509
OPAL> * Bunch position: R =  2213.5 mm, Theta = 35.054 Deg, Z = 0 mm
OPAL> * Local Azimuth = 39.988 Deg, Local Elevation = 0 Deg
OPAL> 
OPAL> * Integration step 280 (no phase space dump for <= 2 particles)
OPAL> * T = 74.369 ns, Live Particles: 1
OPAL> * E = 40 MeV, beta * gamma = 0.29509
OPAL> * Bunch position: R =  2183.6 mm, Theta = 40.869 Deg, Z = 0 mm
OPAL> * Local Azimuth = 51.179 Deg, Local Elevation = 0 Deg
OPAL> 
OPAL> * Integration step 290 (no phase space dump for <= 2 particles)
OPAL> * T = 77.025 ns, Live Particles: 1
OPAL> * E = 40 MeV, beta * gamma = 0.29509
OPAL> * Bunch position: R =  2132.8 mm, Theta = 46.691 Deg, Z = 0 mm
OPAL> * Local Azimuth = 62.429 Deg, Local Elevation = 0 Deg
OPAL> * SPT: Finished turn 1
OPAL> 
OPAL> * Integration step 300 (no phase space dump for <= 2 particles)
OPAL> * T = 79.681 ns, Live Particles: 1
OPAL> * E = 40 MeV, beta * gamma = 0.29509
OPAL> * Bunch position: R =  2060.9 mm, Theta = 52.519 Deg, Z = 0 mm
OPAL> * Local Azimuth = 74.192 Deg, Local Elevation = 0 Deg
OPAL> 
OPAL> * ---------------------------- DONE TRACKING PARTICLES -------------------------------- * 
OPAL> * Final energy of reference particle = 40 [MeV]
OPAL> * Total phase space dump number(includes the initial distribution) = 0
OPAL> * One can restart simulation from the last dump step (--restart -1)
OPAL> *
OPAL> * Finished during turn 2 (1 turns completed)
OPAL> * Cave: Turn number is not correct for restart mode
OPAL> 
OPAL> * *********************** Bunch information in global frame: ***********************
OPAL> * ************** B U N C H ********************************************************* 
OPAL> * NP              = 1
OPAL> * Qtot            =        0.000 [fC]         Qi    =        0.000 [fC]
OPAL> * Ekin            =      40.000 [MeV]         dEkin =        -nan [MeV]
OPAL> * rmax            = (      1.25408 ,      1.63544 ,      0.00000 ) [mm]
OPAL> * rmin            = (      1.25408 ,      1.63544 ,      0.00000 ) [mm]
OPAL> * rms beam size   = (         -nan ,         -nan ,         -nan ) [m]
OPAL> * rms momenta     = (         -nan ,         -nan ,         -nan ) [beta gamma]
OPAL> * mean position   = (         -nan ,         -nan ,         -nan ) [m]
OPAL> * mean momenta    = (         -nan ,         -nan ,         -nan ) [beta gamma]
OPAL> * rms emittance   = (         -nan ,         -nan ,         -nan ) (not normalized)
OPAL> * rms correlation = (         -nan ,         -nan ,         -nan )
OPAL> * hr              = (      0.00000 ,      0.00000 ,      0.00000 ) [um]
OPAL> * dh              =   1.00000e-10 [%]
OPAL> * t               =       79.681 [ns]         dT    =      265.604 [ps]
OPAL> * spos            =         6.761 [m]
OPAL> * ********************************************************************************** 
OPAL> 
OPAL> * ----------------------------------------------- *
OPAL> * Finalizing i.e. write data and close files :
OPAL> * Finalize cyclotron
OPAL> * ----------------------------------------------- *
OPAL> * End of input stream "cyclotron2.in".
Timings> -----------------------------------------------------------------
Timings>      Timing results for 1 nodes:
Timings> -----------------------------------------------------------------
Timings> mainTimer........... Wall tot =   0.262335, CPU tot =       0.19
Timings> 
Timings> Binaryrepart........ Wall max =   0.001063, CPU max =          0
Timings>                      Wall avg =   0.001063, CPU avg =          0
Timings>                      Wall min =   0.001063, CPU min =          0
Timings> 
Timings> Boundingbox......... Wall max =    9.9e-05, CPU max =          0
Timings>                      Wall avg =    9.9e-05, CPU avg =          0
Timings>                      Wall min =    9.9e-05, CPU min =          0
Timings> 
Timings> Boundingbox-bounds.. Wall max =    1.9e-05, CPU max =          0
Timings>                      Wall avg =    1.9e-05, CPU avg =          0
Timings>                      Wall min =    1.9e-05, CPU min =          0
Timings> 
Timings> Boundingbox-update.. Wall max =      5e-06, CPU max =          0
Timings>                      Wall avg =      5e-06, CPU avg =          0
Timings>                      Wall min =      5e-06, CPU min =          0
Timings> 
Timings> Compute Statistics.. Wall max =   0.000237, CPU max =          0
Timings>                      Wall avg =   0.000237, CPU avg =          0
Timings>                      Wall min =   0.000237, CPU min =          0
Timings> 
Timings> Create Distr........ Wall max =          0, CPU max =          0
Timings>                      Wall avg =          0, CPU avg =          0
Timings>                      Wall min =          0, CPU min =          0
Timings> 
Timings> Dump................ Wall max =   0.005068, CPU max =          0
Timings>                      Wall avg =   0.005068, CPU avg =          0
Timings>                      Wall min =   0.005068, CPU min =          0
Timings> 
Timings> Fast inside test.... Wall max =          0, CPU max =          0
Timings>                      Wall avg =          0, CPU avg =          0
Timings>                      Wall min =          0, CPU min =          0
Timings> 
Timings> Frametransform...... Wall max =          0, CPU max =          0
Timings>                      Wall avg =          0, CPU avg =          0
Timings>                      Wall min =          0, CPU min =          0
Timings> 
Timings> Histogram........... Wall max =          0, CPU max =          0
Timings>                      Wall avg =          0, CPU avg =          0
Timings>                      Wall min =          0, CPU min =          0
Timings> 
Timings> Initialize geometry. Wall max =          0, CPU max =          0
Timings>                      Wall avg =          0, CPU avg =          0
Timings>                      Wall min =          0, CPU min =          0
Timings> 
Timings> Inside test......... Wall max =          0, CPU max =          0
Timings>                      Wall avg =          0, CPU avg =          0
Timings>                      Wall min =          0, CPU min =          0
Timings> 
Timings> Integration......... Wall max =   0.004047, CPU max =          0
Timings>                      Wall avg =   0.004047, CPU avg =          0
Timings>                      Wall min =   0.004047, CPU min =          0
Timings> 
Timings> Load Distr.......... Wall max =          0, CPU max =          0
Timings>                      Wall avg =          0, CPU avg =          0
Timings>                      Wall min =          0, CPU min =          0
Timings> 
Timings> Particle Inside..... Wall max =          0, CPU max =          0
Timings>                      Wall avg =          0, CPU avg =          0
Timings>                      Wall min =          0, CPU min =          0
Timings> 
Timings> Ray tracing......... Wall max =          0, CPU max =          0
Timings>                      Wall avg =          0, CPU avg =          0
Timings>                      Wall min =          0, CPU min =          0
Timings> 
Timings> Secondary emission.. Wall max =          0, CPU max =          0
Timings>                      Wall avg =          0, CPU avg =          0
Timings>                      Wall min =          0, CPU min =          0
Timings> 
Timings> SelfField total..... Wall max =          0, CPU max =          0
Timings>                      Wall avg =          0, CPU avg =          0
Timings>                      Wall min =          0, CPU min =          0
Timings> 
Timings> Write H5-File....... Wall max =          0, CPU max =          0
Timings>                      Wall avg =          0, CPU avg =          0
Timings>                      Wall min =          0, CPU min =          0
Timings> 
Timings> Write Stat.......... Wall max =   0.003053, CPU max =          0
Timings>                      Wall avg =   0.003053, CPU avg =          0
Timings>                      Wall min =   0.003053, CPU min =          0
Timings> 
Timings> -----------------------------------------------------------------
