Ippl> CommMPI: Parent process waiting for children ...
Ippl> CommMPI: Initialization complete.
>                ____  _____       ___ 
>               / __ \|  __ \ /\   | | 
>              | |  | | |__) /  \  | |
>              | |  | |  ___/ /\ \ | |
>              | |__| | |  / ____ \| |____
>               \____/|_| /_/    \_\______|
OPAL> 
OPAL> This is OPAL (Object Oriented Parallel Accelerator Library) Version 2.0.1
OPAL> 
OPAL>                 (c) PSI, http://amas.web.psi.ch
OPAL> The optimiser (former opt-Pilot) is integrated 
OPAL> 
OPAL> Please send cookies, goodies or other motivations (wine and beer ... ) 
OPAL> to the OPAL developers opal@lists.psi.ch
OPAL> 
OPAL> Time: 14:37:23 date: 30/01/2020
OPAL> 
OPAL> Couldn't find startup file "/home/vagrant/init.opal".
OPAL> Note: this is not mandatory for an OPAL simulation!
OPAL> 
OPAL> * Reading input stream "cyclotron2.in".
Ippl> no solver attached
OPAL> * Mass of simulation particle= 0.938272 GeV/c^2
OPAL> * Charge of simulation particle= 1.60218e-19 [C]
OPAL> * ********************************************************************************** 
OPAL> * Selected Tracking Method == CYCLOTRON-T, NEW TRACK
OPAL> * ********************************************************************************** 
OPAL> * Number of neighbour bunches= 1
OPAL> * DT                         = 1e-12
OPAL> * MAXSTEPS                   = 720
OPAL> * Phase space dump frequency = 10
OPAL> * Statistics dump frequency  = 10 w.r.t. the time step.
OPAL> * ********************************************************************************** 
OPAL> 
OPAL> * ************* D I S T R I B U T I O N ********************************************
OPAL> * 
OPAL> * Number of particles: 1
OPAL> * 
OPAL> * Distribution type: FROMFILE
OPAL> * 
OPAL> * Input file:        dist2.dat
OPAL> * 
OPAL> * Distribution is injected.
OPAL> * 
OPAL> * **********************************************************************************
OPAL> 
OPAL> * ************* B E A M ************************************************************ 
OPAL> * BEAM        BEAM1
OPAL> * PARTICLE    PROTON
OPAL> * CURRENT     1e-06 A
OPAL> * FREQUENCY   50.65 MHz
OPAL> * CHARGE      +e * 1 
OPAL> * REST MASS   0.938272 GeV
OPAL> * MOMENTUM    0.0299648
OPAL> * NPART       1
OPAL> * ********************************************************************************** 
OPAL> 
OPAL> * ************* F I E L D S O L V E R ********************************************** 
OPAL> * FIELDSOLVER  FS1
OPAL> * TYPE         NONE
OPAL> * N-PROCESSORS 1
OPAL> * MX           64
OPAL> * MY           64
OPAL> * MT           64
OPAL> * BBOXINCR     2
OPAL> * XDIM         parallel  
OPAL> * YDIM         parallel  
OPAL> * Z(T)DIM      serial  
OPAL> * ********************************************************************************** 
OPAL> 
OPAL> * -------------------------- Adding Cyclotron ---------------------------- *
OPAL> 
OPAL> * Bunch global starting position:
OPAL> * RINIT = 2037 [mm]
OPAL> * PHIINIT = 110 [deg]
OPAL> * ZINIT = 0 [mm]
OPAL> 
OPAL> * Bunch global starting momenta:
OPAL> * Initial gamma = 1.00051
OPAL> * Initial beta = 0.0319199
OPAL> * Reference total momentum (beta * gamma) = 31.9362 [MCU]
OPAL> * Reference azimuthal momentum (Pt) = 27.4036 [MCU]
OPAL> * Reference radial momentum (Pr) = -16.4 [MCU]
OPAL> * Reference axial momentum (Pz) = 0 [MCU]
OPAL> 
OPAL> * 8-fold field symmetry 
OPAL> * Field map file name = bfield.dat 
OPAL> * Type of cyclotron = RING 
OPAL> * Radial aperture = 0 ... 10 [m] 
OPAL> * Vertical aperture = -10 ... 10 [m]
OPAL> * Number of trimcoils = 0
OPAL> * Harmonic number h = 6 
OPAL> * ----------------------------------------------
OPAL> *             READ IN RING FIELD MAP            
OPAL> *      (The first data block is useless)        
OPAL> * ----------------------------------------------
OPAL> * Minimal radius of measured field map: 1900 [mm]
OPAL> * Stepsize in radial direction: 20 [mm]
OPAL> * Minimal angle of measured field map: 0 [deg.]
OPAL> * Stepsize in azimuth direction: 0.333333 [deg.]
OPAL> * Index in radial direction: 141
OPAL> * Index in azimuthal direction: 135
OPAL> * Accordingly, total grid point along azimuth:  136
OPAL> * Total stored grid point number ( ntetS * nrad ) : 19176
OPAL> * Read-in loop one block per radius
OPAL> * Rescaling of the fields with factor: 1
OPAL> * Field Map read successfully!
OPAL> 
OPAL> * -------------------------------------
OPAL> * The selected Beam line elements are :
OPAL> * -> Cyclotron
OPAL> * -------------------------------------
OPAL> * 4th order Runge-Kutta integrator
OPAL> * Before repartition:  min local particle number 1 max local particle number: 1
OPAL> * After repartition:   min local particle number 1 max local particle number: 1
OPAL> 
OPAL> * *********************** Bunch information in local frame: ************************
OPAL> * ************** B U N C H ********************************************************* 
OPAL> * NP              = 1
OPAL> * Qtot            =        0.000 [fC]         Qi    =        0.000 [fC]
OPAL> * Ekin            =     478.358 [keV]         dEkin =        -nan [MeV]
OPAL> * rmax            = (      0.00000 ,      0.00000 ,      0.00000 ) [um]
OPAL> * rmin            = (      0.00000 ,      0.00000 ,      0.00000 ) [um]
OPAL> * rms beam size   = (         -nan ,         -nan ,         -nan ) [m]
OPAL> * rms momenta     = (         -nan ,         -nan ,         -nan ) [beta gamma]
OPAL> * mean position   = (         -nan ,         -nan ,         -nan ) [m]
OPAL> * mean momenta    = (         -nan ,         -nan ,         -nan ) [beta gamma]
OPAL> * rms emittance   = (         -nan ,         -nan ,         -nan ) (not normalized)
OPAL> * rms correlation = (         -nan ,         -nan ,         -nan )
OPAL> * hr              = (      0.00000 ,      0.00000 ,      0.00000 ) [um]
OPAL> * dh              =   1.00000e-10 [%]
OPAL> * t               =        0.000 [fs]         dT    =       27.421 [ps]
OPAL> * spos            =        0.000 [um]
OPAL> * ********************************************************************************** 
OPAL> 
OPAL> 
OPAL> * Integration step 0 (no phase space dump for <= 2 particles)
OPAL> * T = 0 ns, Live Particles: 1
OPAL> * E = 0.47836 MeV, beta * gamma = 0.031936
OPAL> * Bunch position: R =  2037 mm, Theta = 110 Deg, Z = 0 mm
OPAL> * Local Azimuth = 140.9 Deg, Local Elevation = 0 Deg
OPAL> 
OPAL> * *********************** Bunch information in global frame: ***********************
OPAL> * ************** B U N C H ********************************************************* 
OPAL> * NP              = 1
OPAL> * Qtot            =        0.000 [fC]         Qi    =        0.000 [fC]
OPAL> * Ekin            =     478.358 [keV]         dEkin =        -nan [MeV]
OPAL> * rmax            = (     -0.69670 ,      1.91415 ,      0.00000 ) [mm]
OPAL> * rmin            = (     -0.69670 ,      1.91415 ,      0.00000 ) [mm]
OPAL> * rms beam size   = (         -nan ,         -nan ,         -nan ) [m]
OPAL> * rms momenta     = (         -nan ,         -nan ,         -nan ) [beta gamma]
OPAL> * mean position   = (         -nan ,         -nan ,         -nan ) [m]
OPAL> * mean momenta    = (         -nan ,         -nan ,         -nan ) [beta gamma]
OPAL> * rms emittance   = (         -nan ,         -nan ,         -nan ) (not normalized)
OPAL> * rms correlation = (         -nan ,         -nan ,         -nan )
OPAL> * hr              = (      0.00000 ,      0.00000 ,      0.00000 ) [um]
OPAL> * dh              =   1.00000e-10 [%]
OPAL> * t               =        0.000 [fs]         dT    =       27.421 [ps]
OPAL> * spos            =        0.000 [um]
OPAL> * ********************************************************************************** 
OPAL> 
OPAL> * Beginning of this run is at t = 0 [ns]
OPAL> * The time step is set to dt = 0.16453 [ns]
OPAL> * Single particle trajectory dump frequency is set to 1
OPAL> * The frequency to solve space charge fields is set to 1
OPAL> * The repartition frequency is set to 10
OPAL> 
OPAL> * ------------------------------ SINGLE PARTICLE MODE --------------------------------- *
OPAL> * Instruction: When the total particle number is equal to 1, single particle mode is    *
OPAL> * triggered automatically. The initial distribution file must be specified which should *
OPAL> * contain only one line for the single particle                                         *
OPAL> * ---------NOTE: SINGLE PARTICLE MODE ONLY WORKS SERIALLY ON A SINGLE NODE ------------ *
OPAL> 
OPAL> * --------------------------------- Start tracking ------------------------------------ *
OPAL> 
OPAL> * Integration step 10 (no phase space dump for <= 2 particles)
OPAL> * T = 1.6453 ns, Live Particles: 1
OPAL> * E = 0.47836 MeV, beta * gamma = 0.031936
OPAL> * Bunch position: R =  2028.9 mm, Theta = 110.38 Deg, Z = 0 mm
OPAL> * Local Azimuth = 141.13 Deg, Local Elevation = 0 Deg
OPAL> 
OPAL> * Integration step 20 (no phase space dump for <= 2 particles)
OPAL> * T = 3.2906 ns, Live Particles: 1
OPAL> * E = 0.47836 MeV, beta * gamma = 0.031936
OPAL> * Bunch position: R =  2020.9 mm, Theta = 110.76 Deg, Z = 0 mm
OPAL> * Local Azimuth = 141.34 Deg, Local Elevation = 0 Deg
OPAL> 
OPAL> * Integration step 30 (no phase space dump for <= 2 particles)
OPAL> * T = 4.9358 ns, Live Particles: 1
OPAL> * E = 0.47836 MeV, beta * gamma = 0.031936
OPAL> * Bunch position: R =  2012.9 mm, Theta = 111.15 Deg, Z = 0 mm
OPAL> * Local Azimuth = 141.55 Deg, Local Elevation = 0 Deg
OPAL> 
OPAL> * Integration step 40 (no phase space dump for <= 2 particles)
OPAL> * T = 6.5811 ns, Live Particles: 1
OPAL> * E = 0.47836 MeV, beta * gamma = 0.031936
OPAL> * Bunch position: R =  2005 mm, Theta = 111.54 Deg, Z = 0 mm
OPAL> * Local Azimuth = 141.74 Deg, Local Elevation = 0 Deg
OPAL> 
OPAL> * Integration step 50 (no phase space dump for <= 2 particles)
OPAL> * T = 8.2264 ns, Live Particles: 1
OPAL> * E = 0.47836 MeV, beta * gamma = 0.031936
OPAL> * Bunch position: R =  1997.1 mm, Theta = 111.93 Deg, Z = 0 mm
OPAL> * Local Azimuth = 141.94 Deg, Local Elevation = 0 Deg
OPAL> 
OPAL> * Integration step 60 (no phase space dump for <= 2 particles)
OPAL> * T = 9.8717 ns, Live Particles: 1
OPAL> * E = 0.47836 MeV, beta * gamma = 0.031936
OPAL> * Bunch position: R =  1989.2 mm, Theta = 112.32 Deg, Z = 0 mm
OPAL> * Local Azimuth = 142.13 Deg, Local Elevation = 0 Deg
OPAL> 
OPAL> * Integration step 70 (no phase space dump for <= 2 particles)
OPAL> * T = 11.517 ns, Live Particles: 1
OPAL> * E = 0.47836 MeV, beta * gamma = 0.031936
OPAL> * Bunch position: R =  1981.4 mm, Theta = 112.71 Deg, Z = 0 mm
OPAL> * Local Azimuth = 142.34 Deg, Local Elevation = 0 Deg
OPAL> 
OPAL> * Integration step 80 (no phase space dump for <= 2 particles)
OPAL> * T = 13.162 ns, Live Particles: 1
OPAL> * E = 0.47836 MeV, beta * gamma = 0.031936
OPAL> * Bunch position: R =  1973.7 mm, Theta = 113.11 Deg, Z = 0 mm
OPAL> * Local Azimuth = 142.54 Deg, Local Elevation = 0 Deg
OPAL> 
OPAL> * Integration step 90 (no phase space dump for <= 2 particles)
OPAL> * T = 14.808 ns, Live Particles: 1
OPAL> * E = 0.47836 MeV, beta * gamma = 0.031936
OPAL> * Bunch position: R =  1965.9 mm, Theta = 113.51 Deg, Z = 0 mm
OPAL> * Local Azimuth = 142.75 Deg, Local Elevation = 0 Deg
OPAL> 
OPAL> * Integration step 100 (no phase space dump for <= 2 particles)
OPAL> * T = 16.453 ns, Live Particles: 1
OPAL> * E = 0.47836 MeV, beta * gamma = 0.031936
OPAL> * Bunch position: R =  1958.3 mm, Theta = 113.91 Deg, Z = 0 mm
OPAL> * Local Azimuth = 142.96 Deg, Local Elevation = 0 Deg
OPAL> 
OPAL> * Integration step 110 (no phase space dump for <= 2 particles)
OPAL> * T = 18.098 ns, Live Particles: 1
OPAL> * E = 0.47836 MeV, beta * gamma = 0.031936
OPAL> * Bunch position: R =  1950.7 mm, Theta = 114.32 Deg, Z = 0 mm
OPAL> * Local Azimuth = 143.18 Deg, Local Elevation = 0 Deg
OPAL> 
OPAL> * Integration step 120 (no phase space dump for <= 2 particles)
OPAL> * T = 19.743 ns, Live Particles: 1
OPAL> * E = 0.47836 MeV, beta * gamma = 0.031936
OPAL> * Bunch position: R =  1943.1 mm, Theta = 114.72 Deg, Z = 0 mm
OPAL> * Local Azimuth = 143.41 Deg, Local Elevation = 0 Deg
OPAL> 
OPAL> * Integration step 130 (no phase space dump for <= 2 particles)
OPAL> * T = 21.389 ns, Live Particles: 1
OPAL> * E = 0.47836 MeV, beta * gamma = 0.031936
OPAL> * Bunch position: R =  1935.5 mm, Theta = 115.13 Deg, Z = 0 mm
OPAL> * Local Azimuth = 143.64 Deg, Local Elevation = 0 Deg
OPAL> 
OPAL> * Integration step 140 (no phase space dump for <= 2 particles)
OPAL> * T = 23.034 ns, Live Particles: 1
OPAL> * E = 0.47836 MeV, beta * gamma = 0.031936
OPAL> * Bunch position: R =  1928 mm, Theta = 115.54 Deg, Z = 0 mm
OPAL> * Local Azimuth = 143.88 Deg, Local Elevation = 0 Deg
OPAL> 
OPAL> * Integration step 150 (no phase space dump for <= 2 particles)
OPAL> * T = 24.679 ns, Live Particles: 1
OPAL> * E = 0.47836 MeV, beta * gamma = 0.031936
OPAL> * Bunch position: R =  1920.6 mm, Theta = 115.95 Deg, Z = 0 mm
OPAL> * Local Azimuth = 144.13 Deg, Local Elevation = 0 Deg
OPAL> 
OPAL> * Integration step 160 (no phase space dump for <= 2 particles)
OPAL> * T = 26.324 ns, Live Particles: 1
OPAL> * E = 0.47836 MeV, beta * gamma = 0.031936
OPAL> * Bunch position: R =  1913.2 mm, Theta = 116.37 Deg, Z = 0 mm
OPAL> * Local Azimuth = 144.4 Deg, Local Elevation = 0 Deg
OPAL> 
OPAL> * Integration step 170 (no phase space dump for <= 2 particles)
OPAL> * T = 27.97 ns, Live Particles: 1
OPAL> * E = 0.47836 MeV, beta * gamma = 0.031936
OPAL> * Bunch position: R =  1905.8 mm, Theta = 116.79 Deg, Z = 0 mm
OPAL> * Local Azimuth = 144.68 Deg, Local Elevation = 0 Deg
OPAL> 
OPAL> * Integration step 180 (no phase space dump for <= 2 particles)
OPAL> * T = 29.615 ns, Live Particles: 1
OPAL> * E = 0.47836 MeV, beta * gamma = 0.031936
OPAL> * Bunch position: R =  1898.4 mm, Theta = 117.21 Deg, Z = 0 mm
OPAL> * Local Azimuth = 144.97 Deg, Local Elevation = 0 Deg
OPAL> 
OPAL> * Integration step 190 (no phase space dump for <= 2 particles)
OPAL> * T = 31.26 ns, Live Particles: 1
OPAL> * E = 0.47836 MeV, beta * gamma = 0.031936
OPAL> * Bunch position: R =  1891.1 mm, Theta = 117.63 Deg, Z = 0 mm
OPAL> * Local Azimuth = 145.28 Deg, Local Elevation = 0 Deg
OPAL> 
OPAL> * Integration step 200 (no phase space dump for <= 2 particles)
OPAL> * T = 32.906 ns, Live Particles: 1
OPAL> * E = 0.47836 MeV, beta * gamma = 0.031936
OPAL> * Bunch position: R =  1883.8 mm, Theta = 118.05 Deg, Z = 0 mm
OPAL> * Local Azimuth = 145.61 Deg, Local Elevation = 0 Deg
OPAL > RING: particle 0 out of the field map boundary!
OPAL > RING: Coords: ( -0.890752 , 1.65538 , 0 )
OPAL> * SPT: The particle was lost at step 205!
